New log file opened at Sat Dec 26 10:58:49 GMT 2015 by 6682@mark-SVS1511S9ES
Taking next connection to: 56841
New client attempting to connect on port: 60093-56841
  Address = /127.0.1.1:56841
This client on port 60093 has uuid 5f9d74ba-1dc2-492c-93ef-ec37658f53ce configName activator humanReadableName Activator protocolVersion 3 featureTags Vector()
Connected Clients: activator-5f9d74ba-1dc2-492c-93ef-ec37658f53ce
Taking next connection to: 56841
New client attempting to connect on port: 60094-56841
  Address = /127.0.1.1:56841
Handshake exception on socket: 60094
sbt.impl.ipc.HandshakeException: Unable to perform handshake
	at sbt.impl.ipc.Peer.handshake(IPC.scala:46)
	at sbt.impl.ipc.MultiClientServer.<init>(IPC.scala:150)
	at sbt.server.SbtServerSocketHandler$$anon$1.run(SbtServerSocketHandler.scala:43)
Caused by: java.io.EOFException
	at java.io.DataInputStream.readInt(DataInputStream.java:392)
	at sbt.impl.ipc.Peer.receive(IPC.scala:95)
	at sbt.impl.ipc.Peer.handshake(IPC.scala:49)
	... 2 more
Taking next connection to: 56841
New client attempting to connect on port: 60095-56841
  Address = /127.0.1.1:56841
This client on port 60095 has uuid 24bf0286-d183-4cac-a8d8-dbce4b4ba976 configName play-fork-run humanReadableName Play Fork Run protocolVersion 1 featureTags Vector()
Connected Clients: activator-5f9d74ba-1dc2-492c-93ef-ec37658f53ce, play-fork-run-24bf0286-d183-4cac-a8d8-dbce4b4ba976
Taking next connection to: 56841
